2025-12-15 00:43:05 | ERROR    | src.clients.google.auth:_authenticate:66 - Failed to authenticate with Google Calendar
{}
Traceback (most recent call last):

  File "/Users/rajneeshverma/Desktop/dev/python/ai-ml/ai-voice-agent/env/lib/python3.14/site-packages/urllib3/connection.py", line 204, in _new_conn
    sock = connection.create_connection(
           │          └ <function create_connection at 0x105c91d20>
           └ <module 'urllib3.util.connection' from '/Users/rajneeshverma/Desktop/dev/python/ai-ml/ai-voice-agent/env/lib/python3.14/site-...
  File "/Users/rajneeshverma/Desktop/dev/python/ai-ml/ai-voice-agent/env/lib/python3.14/site-packages/urllib3/util/connection.py", line 60, in create_connection
    for res in socket.getaddrinfo(host, port, family, socket.SOCK_STREAM):
               │      │           │     │     │       │      └ <SocketKind.SOCK_STREAM: 1>
               │      │           │     │     │       └ <module 'socket' from '/opt/homebrew/Cellar/python@3.14/3.14.0_1/Frameworks/Python.framework/Versions/3.14/lib/python3.14/soc...
               │      │           │     │     └ <AddressFamily.AF_UNSPEC: 0>
               │      │           │     └ 443
               │      │           └ 'oauth2.googleapis.com'
               │      └ <function getaddrinfo at 0x10420fab0>
               └ <module 'socket' from '/opt/homebrew/Cellar/python@3.14/3.14.0_1/Frameworks/Python.framework/Versions/3.14/lib/python3.14/soc...

  File "/opt/homebrew/Cellar/python@3.14/3.14.0_1/Frameworks/Python.framework/Versions/3.14/lib/python3.14/socket.py", line 983, in getaddrinfo
    for res in _socket.getaddrinfo(host, port, family, type, proto, flags):
               │       │           │     │     │       │     │      └ 0
               │       │           │     │     │       │     └ 0
               │       │           │     │     │       └ <SocketKind.SOCK_STREAM: 1>
               │       │           │     │     └ <AddressFamily.AF_UNSPEC: 0>
               │       │           │     └ 443
               │       │           └ 'oauth2.googleapis.com'
               │       └ <built-in function getaddrinfo>
               └ <module '_socket' from '/opt/homebrew/Cellar/python@3.14/3.14.0_1/Frameworks/Python.framework/Versions/3.14/lib/python3.14/li...

socket.gaierror: [Errno 8] nodename nor servname provided, or not known


The above exception was the direct cause of the following exception:


Traceback (most recent call last):

  File "/Users/rajneeshverma/Desktop/dev/python/ai-ml/ai-voice-agent/env/lib/python3.14/site-packages/urllib3/connectionpool.py", line 787, in urlopen
    response = self._make_request(
               │    └ <function HTTPConnectionPool._make_request at 0x105d578a0>
               └ <urllib3.connectionpool.HTTPSConnectionPool object at 0x106e35a90>
  File "/Users/rajneeshverma/Desktop/dev/python/ai-ml/ai-voice-agent/env/lib/python3.14/site-packages/urllib3/connectionpool.py", line 488, in _make_request
    raise new_e
          └ NameResolutionError("HTTPSConnection(host='oauth2.googleapis.com', port=443): Failed to resolve 'oauth2.googleapis.com' ([Err...
  File "/Users/rajneeshverma/Desktop/dev/python/ai-ml/ai-voice-agent/env/lib/python3.14/site-packages/urllib3/connectionpool.py", line 464, in _make_request
    self._validate_conn(conn)
    │    │              └ <HTTPSConnection(host='oauth2.googleapis.com', port=443) at 0x106e35e80>
    │    └ <function HTTPSConnectionPool._validate_conn at 0x105d60300>
    └ <urllib3.connectionpool.HTTPSConnectionPool object at 0x106e35a90>
  File "/Users/rajneeshverma/Desktop/dev/python/ai-ml/ai-voice-agent/env/lib/python3.14/site-packages/urllib3/connectionpool.py", line 1093, in _validate_conn
    conn.connect()
    │    └ <function HTTPSConnection.connect at 0x105d4e8d0>
    └ <HTTPSConnection(host='oauth2.googleapis.com', port=443) at 0x106e35e80>
  File "/Users/rajneeshverma/Desktop/dev/python/ai-ml/ai-voice-agent/env/lib/python3.14/site-packages/urllib3/connection.py", line 759, in connect
    self.sock = sock = self._new_conn()
    │    │             │    └ <function HTTPConnection._new_conn at 0x105d4d2d0>
    │    │             └ <HTTPSConnection(host='oauth2.googleapis.com', port=443) at 0x106e35e80>
    │    └ None
    └ <HTTPSConnection(host='oauth2.googleapis.com', port=443) at 0x106e35e80>
  File "/Users/rajneeshverma/Desktop/dev/python/ai-ml/ai-voice-agent/env/lib/python3.14/site-packages/urllib3/connection.py", line 211, in _new_conn
    raise NameResolutionError(self.host, self, e) from e
          │                   │    │     └ <HTTPSConnection(host='oauth2.googleapis.com', port=443) at 0x106e35e80>
          │                   │    └ <property object at 0x105d48860>
          │                   └ <HTTPSConnection(host='oauth2.googleapis.com', port=443) at 0x106e35e80>
          └ <class 'urllib3.exceptions.NameResolutionError'>

urllib3.exceptions.NameResolutionError: HTTPSConnection(host='oauth2.googleapis.com', port=443): Failed to resolve 'oauth2.googleapis.com' ([Errno 8] nodename nor servname provided, or not known)


The above exception was the direct cause of the following exception:


Traceback (most recent call last):

  File "/Users/rajneeshverma/Desktop/dev/python/ai-ml/ai-voice-agent/env/lib/python3.14/site-packages/requests/adapters.py", line 644, in send
    resp = conn.urlopen(
           │    └ <function HTTPConnectionPool.urlopen at 0x105d57cc0>
           └ <urllib3.connectionpool.HTTPSConnectionPool object at 0x106e35a90>
  File "/Users/rajneeshverma/Desktop/dev/python/ai-ml/ai-voice-agent/env/lib/python3.14/site-packages/urllib3/connectionpool.py", line 841, in urlopen
    retries = retries.increment(
              │       └ <function Retry.increment at 0x105cad220>
              └ Retry(total=0, connect=None, read=False, redirect=None, status=None)
  File "/Users/rajneeshverma/Desktop/dev/python/ai-ml/ai-voice-agent/env/lib/python3.14/site-packages/urllib3/util/retry.py", line 519, in increment
    raise MaxRetryError(_pool, url, reason) from reason  # type: ignore[arg-type]
          │             │      │    │            └ NameResolutionError("HTTPSConnection(host='oauth2.googleapis.com', port=443): Failed to resolve 'oauth2.googleapis.com' ([Err...
          │             │      │    └ NameResolutionError("HTTPSConnection(host='oauth2.googleapis.com', port=443): Failed to resolve 'oauth2.googleapis.com' ([Err...
          │             │      └ '/token'
          │             └ <urllib3.connectionpool.HTTPSConnectionPool object at 0x106e35a90>
          └ <class 'urllib3.exceptions.MaxRetryError'>

urllib3.exceptions.MaxRetryError: HTTPSConnectionPool(host='oauth2.googleapis.com', port=443): Max retries exceeded with url: /token (Caused by NameResolutionError("HTTPSConnection(host='oauth2.googleapis.com', port=443): Failed to resolve 'oauth2.googleapis.com' ([Errno 8] nodename nor servname provided, or not known)"))


During handling of the above exception, another exception occurred:


Traceback (most recent call last):

  File "/Users/rajneeshverma/Desktop/dev/python/ai-ml/ai-voice-agent/env/lib/python3.14/site-packages/google/auth/transport/requests.py", line 187, in __call__
    response = self.session.request(
               │    │       └ <function Session.request at 0x1060790c0>
               │    └ <requests.sessions.Session object at 0x106e34ad0>
               └ <google.auth.transport.requests.Request object at 0x106e34980>
  File "/Users/rajneeshverma/Desktop/dev/python/ai-ml/ai-voice-agent/env/lib/python3.14/site-packages/requests/sessions.py", line 589, in request
    resp = self.send(prep, **send_kwargs)
           │    │    │       └ {'timeout': 120, 'allow_redirects': True, 'proxies': OrderedDict(), 'stream': False, 'verify': True, 'cert': None}
           │    │    └ <PreparedRequest [POST]>
           │    └ <function Session.send at 0x106079640>
           └ <requests.sessions.Session object at 0x106e34ad0>
  File "/Users/rajneeshverma/Desktop/dev/python/ai-ml/ai-voice-agent/env/lib/python3.14/site-packages/requests/sessions.py", line 703, in send
    r = adapter.send(request, **kwargs)
        │       │    │          └ {'timeout': 120, 'proxies': OrderedDict(), 'stream': False, 'verify': True, 'cert': None}
        │       │    └ <PreparedRequest [POST]>
        │       └ <function HTTPAdapter.send at 0x1060789e0>
        └ <requests.adapters.HTTPAdapter object at 0x106e352b0>
  File "/Users/rajneeshverma/Desktop/dev/python/ai-ml/ai-voice-agent/env/lib/python3.14/site-packages/requests/adapters.py", line 677, in send
    raise ConnectionError(e, request=request)
          │                          └ <PreparedRequest [POST]>
          └ <class 'requests.exceptions.ConnectionError'>

requests.exceptions.ConnectionError: HTTPSConnectionPool(host='oauth2.googleapis.com', port=443): Max retries exceeded with url: /token (Caused by NameResolutionError("HTTPSConnection(host='oauth2.googleapis.com', port=443): Failed to resolve 'oauth2.googleapis.com' ([Errno 8] nodename nor servname provided, or not known)"))


The above exception was the direct cause of the following exception:


Traceback (most recent call last):

  File "/Users/rajneeshverma/Desktop/dev/python/ai-ml/ai-voice-agent/main.py", line 2, in <module>
    from src.api.routes import calendar_router

  File "<frozen importlib._bootstrap>", line 1371, in _find_and_load
  File "<frozen importlib._bootstrap>", line 1342, in _find_and_load_unlocked
  File "<frozen importlib._bootstrap>", line 938, in _load_unlocked
  File "<frozen importlib._bootstrap_external>", line 762, in exec_module
  File "<frozen importlib._bootstrap>", line 491, in _call_with_frames_removed

  File "/Users/rajneeshverma/Desktop/dev/python/ai-ml/ai-voice-agent/src/api/routes/__init__.py", line 1, in <module>
    from .calendar_routes import calendar_router

  File "<frozen importlib._bootstrap>", line 1371, in _find_and_load
  File "<frozen importlib._bootstrap>", line 1342, in _find_and_load_unlocked
  File "<frozen importlib._bootstrap>", line 938, in _load_unlocked
  File "<frozen importlib._bootstrap_external>", line 762, in exec_module
  File "<frozen importlib._bootstrap>", line 491, in _call_with_frames_removed

  File "/Users/rajneeshverma/Desktop/dev/python/ai-ml/ai-voice-agent/src/api/routes/calendar_routes.py", line 6, in <module>
    calendar_handler = CalendarHandler()
                       └ <class 'src.api.handlers.calendar_handler.CalendarHandler'>

  File "/Users/rajneeshverma/Desktop/dev/python/ai-ml/ai-voice-agent/src/api/handlers/calendar_handler.py", line 8, in __init__
    self.calendar_service = CalendarService()
    │                       └ <class 'src.services.calendar_service.CalendarService'>
    └ <src.api.handlers.calendar_handler.CalendarHandler object at 0x106d4fcb0>

  File "/Users/rajneeshverma/Desktop/dev/python/ai-ml/ai-voice-agent/src/services/calendar_service.py", line 10, in __init__
    self.google_calendar_client = GoogleCalendarClient()
    │                             └ <class 'src.clients.google.calendar_client.GoogleCalendarClient'>
    └ <src.services.calendar_service.CalendarService object at 0x106d4fe00>

  File "/Users/rajneeshverma/Desktop/dev/python/ai-ml/ai-voice-agent/src/clients/google/calendar_client.py", line 27, in __init__
    authenticator = GoogleAuthenticator(
                    └ <class 'src.clients.google.auth.GoogleAuthenticator'>

  File "/Users/rajneeshverma/Desktop/dev/python/ai-ml/ai-voice-agent/src/clients/google/auth.py", line 25, in __init__
    self.credentials = self._authenticate()
    │                  │    └ <function GoogleAuthenticator._authenticate at 0x106d1a350>
    │                  └ <src.clients.google.auth.GoogleAuthenticator object at 0x106e341a0>
    └ <src.clients.google.auth.GoogleAuthenticator object at 0x106e341a0>

> File "/Users/rajneeshverma/Desktop/dev/python/ai-ml/ai-voice-agent/src/clients/google/auth.py", line 50, in _authenticate
    creds.refresh(Request())
    │     │       └ <class 'google.auth.transport.requests.Request'>
    │     └ <function Credentials.refresh at 0x106749bc0>
    └ <google.oauth2.credentials.Credentials object at 0x106e34590>

  File "/Users/rajneeshverma/Desktop/dev/python/ai-ml/ai-voice-agent/env/lib/python3.14/site-packages/google/oauth2/credentials.py", line 409, in refresh
    ) = reauth.refresh_grant(
        │      └ <function refresh_grant at 0x106748b40>
        └ <module 'google.oauth2.reauth' from '/Users/rajneeshverma/Desktop/dev/python/ai-ml/ai-voice-agent/env/lib/python3.14/site-pac...
  File "/Users/rajneeshverma/Desktop/dev/python/ai-ml/ai-voice-agent/env/lib/python3.14/site-packages/google/oauth2/reauth.py", line 333, in refresh_grant
    response_status_ok, response_data, retryable_error = _client._token_endpoint_request_no_throw(
                                                         │       └ <function _token_endpoint_request_no_throw at 0x1065f47d0>
                                                         └ <module 'google.oauth2._client' from '/Users/rajneeshverma/Desktop/dev/python/ai-ml/ai-voice-agent/env/lib/python3.14/site-pa...
  File "/Users/rajneeshverma/Desktop/dev/python/ai-ml/ai-voice-agent/env/lib/python3.14/site-packages/google/oauth2/_client.py", line 192, in _token_endpoint_request_no_throw
    response = request(
               └ <google.auth.transport.requests.Request object at 0x106e34980>
  File "/Users/rajneeshverma/Desktop/dev/python/ai-ml/ai-voice-agent/env/lib/python3.14/site-packages/google/auth/transport/requests.py", line 194, in __call__
    raise new_exc from caught_exc
          └ TransportError(ConnectionError(MaxRetryError('HTTPSConnectionPool(host=\'oauth2.googleapis.com\', port=443): Max retries exce...

google.auth.exceptions.TransportError: HTTPSConnectionPool(host='oauth2.googleapis.com', port=443): Max retries exceeded with url: /token (Caused by NameResolutionError("HTTPSConnection(host='oauth2.googleapis.com', port=443): Failed to resolve 'oauth2.googleapis.com' ([Errno 8] nodename nor servname provided, or not known)"))
2025-12-15 00:43:13 | ERROR    | src.clients.google.auth:_authenticate:66 - Failed to authenticate with Google Calendar
{}
Traceback (most recent call last):

  File "/Users/rajneeshverma/Desktop/dev/python/ai-ml/ai-voice-agent/env/lib/python3.14/site-packages/urllib3/connection.py", line 204, in _new_conn
    sock = connection.create_connection(
           │          └ <function create_connection at 0x104fc1d20>
           └ <module 'urllib3.util.connection' from '/Users/rajneeshverma/Desktop/dev/python/ai-ml/ai-voice-agent/env/lib/python3.14/site-...
  File "/Users/rajneeshverma/Desktop/dev/python/ai-ml/ai-voice-agent/env/lib/python3.14/site-packages/urllib3/util/connection.py", line 60, in create_connection
    for res in socket.getaddrinfo(host, port, family, socket.SOCK_STREAM):
               │      │           │     │     │       │      └ <SocketKind.SOCK_STREAM: 1>
               │      │           │     │     │       └ <module 'socket' from '/opt/homebrew/Cellar/python@3.14/3.14.0_1/Frameworks/Python.framework/Versions/3.14/lib/python3.14/soc...
               │      │           │     │     └ <AddressFamily.AF_UNSPEC: 0>
               │      │           │     └ 443
               │      │           └ 'oauth2.googleapis.com'
               │      └ <function getaddrinfo at 0x103c2bab0>
               └ <module 'socket' from '/opt/homebrew/Cellar/python@3.14/3.14.0_1/Frameworks/Python.framework/Versions/3.14/lib/python3.14/soc...

  File "/opt/homebrew/Cellar/python@3.14/3.14.0_1/Frameworks/Python.framework/Versions/3.14/lib/python3.14/socket.py", line 983, in getaddrinfo
    for res in _socket.getaddrinfo(host, port, family, type, proto, flags):
               │       │           │     │     │       │     │      └ 0
               │       │           │     │     │       │     └ 0
               │       │           │     │     │       └ <SocketKind.SOCK_STREAM: 1>
               │       │           │     │     └ <AddressFamily.AF_UNSPEC: 0>
               │       │           │     └ 443
               │       │           └ 'oauth2.googleapis.com'
               │       └ <built-in function getaddrinfo>
               └ <module '_socket' from '/opt/homebrew/Cellar/python@3.14/3.14.0_1/Frameworks/Python.framework/Versions/3.14/lib/python3.14/li...

socket.gaierror: [Errno 8] nodename nor servname provided, or not known


The above exception was the direct cause of the following exception:


Traceback (most recent call last):

  File "/Users/rajneeshverma/Desktop/dev/python/ai-ml/ai-voice-agent/env/lib/python3.14/site-packages/urllib3/connectionpool.py", line 787, in urlopen
    response = self._make_request(
               │    └ <function HTTPConnectionPool._make_request at 0x10508b8a0>
               └ <urllib3.connectionpool.HTTPSConnectionPool object at 0x105ea5a90>
  File "/Users/rajneeshverma/Desktop/dev/python/ai-ml/ai-voice-agent/env/lib/python3.14/site-packages/urllib3/connectionpool.py", line 488, in _make_request
    raise new_e
          └ NameResolutionError("HTTPSConnection(host='oauth2.googleapis.com', port=443): Failed to resolve 'oauth2.googleapis.com' ([Err...
  File "/Users/rajneeshverma/Desktop/dev/python/ai-ml/ai-voice-agent/env/lib/python3.14/site-packages/urllib3/connectionpool.py", line 464, in _make_request
    self._validate_conn(conn)
    │    │              └ <HTTPSConnection(host='oauth2.googleapis.com', port=443) at 0x105ea5e80>
    │    └ <function HTTPSConnectionPool._validate_conn at 0x105094300>
    └ <urllib3.connectionpool.HTTPSConnectionPool object at 0x105ea5a90>
  File "/Users/rajneeshverma/Desktop/dev/python/ai-ml/ai-voice-agent/env/lib/python3.14/site-packages/urllib3/connectionpool.py", line 1093, in _validate_conn
    conn.connect()
    │    └ <function HTTPSConnection.connect at 0x1050828d0>
    └ <HTTPSConnection(host='oauth2.googleapis.com', port=443) at 0x105ea5e80>
  File "/Users/rajneeshverma/Desktop/dev/python/ai-ml/ai-voice-agent/env/lib/python3.14/site-packages/urllib3/connection.py", line 759, in connect
    self.sock = sock = self._new_conn()
    │    │             │    └ <function HTTPConnection._new_conn at 0x1050812d0>
    │    │             └ <HTTPSConnection(host='oauth2.googleapis.com', port=443) at 0x105ea5e80>
    │    └ None
    └ <HTTPSConnection(host='oauth2.googleapis.com', port=443) at 0x105ea5e80>
  File "/Users/rajneeshverma/Desktop/dev/python/ai-ml/ai-voice-agent/env/lib/python3.14/site-packages/urllib3/connection.py", line 211, in _new_conn
    raise NameResolutionError(self.host, self, e) from e
          │                   │    │     └ <HTTPSConnection(host='oauth2.googleapis.com', port=443) at 0x105ea5e80>
          │                   │    └ <property object at 0x10507c590>
          │                   └ <HTTPSConnection(host='oauth2.googleapis.com', port=443) at 0x105ea5e80>
          └ <class 'urllib3.exceptions.NameResolutionError'>

urllib3.exceptions.NameResolutionError: HTTPSConnection(host='oauth2.googleapis.com', port=443): Failed to resolve 'oauth2.googleapis.com' ([Errno 8] nodename nor servname provided, or not known)


The above exception was the direct cause of the following exception:


Traceback (most recent call last):

  File "/Users/rajneeshverma/Desktop/dev/python/ai-ml/ai-voice-agent/env/lib/python3.14/site-packages/requests/adapters.py", line 644, in send
    resp = conn.urlopen(
           │    └ <function HTTPConnectionPool.urlopen at 0x10508bcc0>
           └ <urllib3.connectionpool.HTTPSConnectionPool object at 0x105ea5a90>
  File "/Users/rajneeshverma/Desktop/dev/python/ai-ml/ai-voice-agent/env/lib/python3.14/site-packages/urllib3/connectionpool.py", line 841, in urlopen
    retries = retries.increment(
              │       └ <function Retry.increment at 0x104fe1220>
              └ Retry(total=0, connect=None, read=False, redirect=None, status=None)
  File "/Users/rajneeshverma/Desktop/dev/python/ai-ml/ai-voice-agent/env/lib/python3.14/site-packages/urllib3/util/retry.py", line 519, in increment
    raise MaxRetryError(_pool, url, reason) from reason  # type: ignore[arg-type]
          │             │      │    │            └ NameResolutionError("HTTPSConnection(host='oauth2.googleapis.com', port=443): Failed to resolve 'oauth2.googleapis.com' ([Err...
          │             │      │    └ NameResolutionError("HTTPSConnection(host='oauth2.googleapis.com', port=443): Failed to resolve 'oauth2.googleapis.com' ([Err...
          │             │      └ '/token'
          │             └ <urllib3.connectionpool.HTTPSConnectionPool object at 0x105ea5a90>
          └ <class 'urllib3.exceptions.MaxRetryError'>

urllib3.exceptions.MaxRetryError: HTTPSConnectionPool(host='oauth2.googleapis.com', port=443): Max retries exceeded with url: /token (Caused by NameResolutionError("HTTPSConnection(host='oauth2.googleapis.com', port=443): Failed to resolve 'oauth2.googleapis.com' ([Errno 8] nodename nor servname provided, or not known)"))


During handling of the above exception, another exception occurred:


Traceback (most recent call last):

  File "/Users/rajneeshverma/Desktop/dev/python/ai-ml/ai-voice-agent/env/lib/python3.14/site-packages/google/auth/transport/requests.py", line 187, in __call__
    response = self.session.request(
               │    │       └ <function Session.request at 0x1054650c0>
               │    └ <requests.sessions.Session object at 0x105ea4ad0>
               └ <google.auth.transport.requests.Request object at 0x105ea4980>
  File "/Users/rajneeshverma/Desktop/dev/python/ai-ml/ai-voice-agent/env/lib/python3.14/site-packages/requests/sessions.py", line 589, in request
    resp = self.send(prep, **send_kwargs)
           │    │    │       └ {'timeout': 120, 'allow_redirects': True, 'proxies': OrderedDict(), 'stream': False, 'verify': True, 'cert': None}
           │    │    └ <PreparedRequest [POST]>
           │    └ <function Session.send at 0x105465640>
           └ <requests.sessions.Session object at 0x105ea4ad0>
  File "/Users/rajneeshverma/Desktop/dev/python/ai-ml/ai-voice-agent/env/lib/python3.14/site-packages/requests/sessions.py", line 703, in send
    r = adapter.send(request, **kwargs)
        │       │    │          └ {'timeout': 120, 'proxies': OrderedDict(), 'stream': False, 'verify': True, 'cert': None}
        │       │    └ <PreparedRequest [POST]>
        │       └ <function HTTPAdapter.send at 0x1054649e0>
        └ <requests.adapters.HTTPAdapter object at 0x105ea52b0>
  File "/Users/rajneeshverma/Desktop/dev/python/ai-ml/ai-voice-agent/env/lib/python3.14/site-packages/requests/adapters.py", line 677, in send
    raise ConnectionError(e, request=request)
          │                          └ <PreparedRequest [POST]>
          └ <class 'requests.exceptions.ConnectionError'>

requests.exceptions.ConnectionError: HTTPSConnectionPool(host='oauth2.googleapis.com', port=443): Max retries exceeded with url: /token (Caused by NameResolutionError("HTTPSConnection(host='oauth2.googleapis.com', port=443): Failed to resolve 'oauth2.googleapis.com' ([Errno 8] nodename nor servname provided, or not known)"))


The above exception was the direct cause of the following exception:


Traceback (most recent call last):

  File "/Users/rajneeshverma/Desktop/dev/python/ai-ml/ai-voice-agent/main.py", line 2, in <module>
    from src.api.routes import calendar_router

  File "<frozen importlib._bootstrap>", line 1371, in _find_and_load
  File "<frozen importlib._bootstrap>", line 1342, in _find_and_load_unlocked
  File "<frozen importlib._bootstrap>", line 938, in _load_unlocked
  File "<frozen importlib._bootstrap_external>", line 762, in exec_module
  File "<frozen importlib._bootstrap>", line 491, in _call_with_frames_removed

  File "/Users/rajneeshverma/Desktop/dev/python/ai-ml/ai-voice-agent/src/api/routes/__init__.py", line 1, in <module>
    from .calendar_routes import calendar_router

  File "<frozen importlib._bootstrap>", line 1371, in _find_and_load
  File "<frozen importlib._bootstrap>", line 1342, in _find_and_load_unlocked
  File "<frozen importlib._bootstrap>", line 938, in _load_unlocked
  File "<frozen importlib._bootstrap_external>", line 762, in exec_module
  File "<frozen importlib._bootstrap>", line 491, in _call_with_frames_removed

  File "/Users/rajneeshverma/Desktop/dev/python/ai-ml/ai-voice-agent/src/api/routes/calendar_routes.py", line 6, in <module>
    calendar_handler = CalendarHandler()
                       └ <class 'src.api.handlers.calendar_handler.CalendarHandler'>

  File "/Users/rajneeshverma/Desktop/dev/python/ai-ml/ai-voice-agent/src/api/handlers/calendar_handler.py", line 8, in __init__
    self.calendar_service = CalendarService()
    │                       └ <class 'src.services.calendar_service.CalendarService'>
    └ <src.api.handlers.calendar_handler.CalendarHandler object at 0x105dc7cb0>

  File "/Users/rajneeshverma/Desktop/dev/python/ai-ml/ai-voice-agent/src/services/calendar_service.py", line 10, in __init__
    self.google_calendar_client = GoogleCalendarClient()
    │                             └ <class 'src.clients.google.calendar_client.GoogleCalendarClient'>
    └ <src.services.calendar_service.CalendarService object at 0x105dc7e00>

  File "/Users/rajneeshverma/Desktop/dev/python/ai-ml/ai-voice-agent/src/clients/google/calendar_client.py", line 27, in __init__
    authenticator = GoogleAuthenticator(
                    └ <class 'src.clients.google.auth.GoogleAuthenticator'>

  File "/Users/rajneeshverma/Desktop/dev/python/ai-ml/ai-voice-agent/src/clients/google/auth.py", line 25, in __init__
    self.credentials = self._authenticate()
    │                  │    └ <function GoogleAuthenticator._authenticate at 0x105d92350>
    │                  └ <src.clients.google.auth.GoogleAuthenticator object at 0x105ea41a0>
    └ <src.clients.google.auth.GoogleAuthenticator object at 0x105ea41a0>

> File "/Users/rajneeshverma/Desktop/dev/python/ai-ml/ai-voice-agent/src/clients/google/auth.py", line 50, in _authenticate
    creds.refresh(Request())
    │     │       └ <class 'google.auth.transport.requests.Request'>
    │     └ <function Credentials.refresh at 0x1058bdbc0>
    └ <google.oauth2.credentials.Credentials object at 0x105ea4590>

  File "/Users/rajneeshverma/Desktop/dev/python/ai-ml/ai-voice-agent/env/lib/python3.14/site-packages/google/oauth2/credentials.py", line 409, in refresh
    ) = reauth.refresh_grant(
        │      └ <function refresh_grant at 0x1058bcb40>
        └ <module 'google.oauth2.reauth' from '/Users/rajneeshverma/Desktop/dev/python/ai-ml/ai-voice-agent/env/lib/python3.14/site-pac...
  File "/Users/rajneeshverma/Desktop/dev/python/ai-ml/ai-voice-agent/env/lib/python3.14/site-packages/google/oauth2/reauth.py", line 333, in refresh_grant
    response_status_ok, response_data, retryable_error = _client._token_endpoint_request_no_throw(
                                                         │       └ <function _token_endpoint_request_no_throw at 0x1058687d0>
                                                         └ <module 'google.oauth2._client' from '/Users/rajneeshverma/Desktop/dev/python/ai-ml/ai-voice-agent/env/lib/python3.14/site-pa...
  File "/Users/rajneeshverma/Desktop/dev/python/ai-ml/ai-voice-agent/env/lib/python3.14/site-packages/google/oauth2/_client.py", line 192, in _token_endpoint_request_no_throw
    response = request(
               └ <google.auth.transport.requests.Request object at 0x105ea4980>
  File "/Users/rajneeshverma/Desktop/dev/python/ai-ml/ai-voice-agent/env/lib/python3.14/site-packages/google/auth/transport/requests.py", line 194, in __call__
    raise new_exc from caught_exc
          └ TransportError(ConnectionError(MaxRetryError('HTTPSConnectionPool(host=\'oauth2.googleapis.com\', port=443): Max retries exce...

google.auth.exceptions.TransportError: HTTPSConnectionPool(host='oauth2.googleapis.com', port=443): Max retries exceeded with url: /token (Caused by NameResolutionError("HTTPSConnection(host='oauth2.googleapis.com', port=443): Failed to resolve 'oauth2.googleapis.com' ([Errno 8] nodename nor servname provided, or not known)"))
2025-12-15 00:43:22 | ERROR    | src.clients.google.auth:_authenticate:66 - Failed to authenticate with Google Calendar
{}
Traceback (most recent call last):

  File "/Users/rajneeshverma/Desktop/dev/python/ai-ml/ai-voice-agent/env/lib/python3.14/site-packages/urllib3/connection.py", line 204, in _new_conn
    sock = connection.create_connection(
           │          └ <function create_connection at 0x10548dd20>
           └ <module 'urllib3.util.connection' from '/Users/rajneeshverma/Desktop/dev/python/ai-ml/ai-voice-agent/env/lib/python3.14/site-...
  File "/Users/rajneeshverma/Desktop/dev/python/ai-ml/ai-voice-agent/env/lib/python3.14/site-packages/urllib3/util/connection.py", line 60, in create_connection
    for res in socket.getaddrinfo(host, port, family, socket.SOCK_STREAM):
               │      │           │     │     │       │      └ <SocketKind.SOCK_STREAM: 1>
               │      │           │     │     │       └ <module 'socket' from '/opt/homebrew/Cellar/python@3.14/3.14.0_1/Frameworks/Python.framework/Versions/3.14/lib/python3.14/soc...
               │      │           │     │     └ <AddressFamily.AF_UNSPEC: 0>
               │      │           │     └ 443
               │      │           └ 'oauth2.googleapis.com'
               │      └ <function getaddrinfo at 0x102543ab0>
               └ <module 'socket' from '/opt/homebrew/Cellar/python@3.14/3.14.0_1/Frameworks/Python.framework/Versions/3.14/lib/python3.14/soc...

  File "/opt/homebrew/Cellar/python@3.14/3.14.0_1/Frameworks/Python.framework/Versions/3.14/lib/python3.14/socket.py", line 983, in getaddrinfo
    for res in _socket.getaddrinfo(host, port, family, type, proto, flags):
               │       │           │     │     │       │     │      └ 0
               │       │           │     │     │       │     └ 0
               │       │           │     │     │       └ <SocketKind.SOCK_STREAM: 1>
               │       │           │     │     └ <AddressFamily.AF_UNSPEC: 0>
               │       │           │     └ 443
               │       │           └ 'oauth2.googleapis.com'
               │       └ <built-in function getaddrinfo>
               └ <module '_socket' from '/opt/homebrew/Cellar/python@3.14/3.14.0_1/Frameworks/Python.framework/Versions/3.14/lib/python3.14/li...

socket.gaierror: [Errno 8] nodename nor servname provided, or not known


The above exception was the direct cause of the following exception:


Traceback (most recent call last):

  File "/Users/rajneeshverma/Desktop/dev/python/ai-ml/ai-voice-agent/env/lib/python3.14/site-packages/urllib3/connectionpool.py", line 787, in urlopen
    response = self._make_request(
               │    └ <function HTTPConnectionPool._make_request at 0x1056578a0>
               └ <urllib3.connectionpool.HTTPSConnectionPool object at 0x106631a90>
  File "/Users/rajneeshverma/Desktop/dev/python/ai-ml/ai-voice-agent/env/lib/python3.14/site-packages/urllib3/connectionpool.py", line 488, in _make_request
    raise new_e
          └ NameResolutionError("HTTPSConnection(host='oauth2.googleapis.com', port=443): Failed to resolve 'oauth2.googleapis.com' ([Err...
  File "/Users/rajneeshverma/Desktop/dev/python/ai-ml/ai-voice-agent/env/lib/python3.14/site-packages/urllib3/connectionpool.py", line 464, in _make_request
    self._validate_conn(conn)
    │    │              └ <HTTPSConnection(host='oauth2.googleapis.com', port=443) at 0x106631e80>
    │    └ <function HTTPSConnectionPool._validate_conn at 0x105660300>
    └ <urllib3.connectionpool.HTTPSConnectionPool object at 0x106631a90>
  File "/Users/rajneeshverma/Desktop/dev/python/ai-ml/ai-voice-agent/env/lib/python3.14/site-packages/urllib3/connectionpool.py", line 1093, in _validate_conn
    conn.connect()
    │    └ <function HTTPSConnection.connect at 0x10564e8d0>
    └ <HTTPSConnection(host='oauth2.googleapis.com', port=443) at 0x106631e80>
  File "/Users/rajneeshverma/Desktop/dev/python/ai-ml/ai-voice-agent/env/lib/python3.14/site-packages/urllib3/connection.py", line 759, in connect
    self.sock = sock = self._new_conn()
    │    │             │    └ <function HTTPConnection._new_conn at 0x10564d2d0>
    │    │             └ <HTTPSConnection(host='oauth2.googleapis.com', port=443) at 0x106631e80>
    │    └ None
    └ <HTTPSConnection(host='oauth2.googleapis.com', port=443) at 0x106631e80>
  File "/Users/rajneeshverma/Desktop/dev/python/ai-ml/ai-voice-agent/env/lib/python3.14/site-packages/urllib3/connection.py", line 211, in _new_conn
    raise NameResolutionError(self.host, self, e) from e
          │                   │    │     └ <HTTPSConnection(host='oauth2.googleapis.com', port=443) at 0x106631e80>
          │                   │    └ <property object at 0x1056485e0>
          │                   └ <HTTPSConnection(host='oauth2.googleapis.com', port=443) at 0x106631e80>
          └ <class 'urllib3.exceptions.NameResolutionError'>

urllib3.exceptions.NameResolutionError: HTTPSConnection(host='oauth2.googleapis.com', port=443): Failed to resolve 'oauth2.googleapis.com' ([Errno 8] nodename nor servname provided, or not known)


The above exception was the direct cause of the following exception:


Traceback (most recent call last):

  File "/Users/rajneeshverma/Desktop/dev/python/ai-ml/ai-voice-agent/env/lib/python3.14/site-packages/requests/adapters.py", line 644, in send
    resp = conn.urlopen(
           │    └ <function HTTPConnectionPool.urlopen at 0x105657cc0>
           └ <urllib3.connectionpool.HTTPSConnectionPool object at 0x106631a90>
  File "/Users/rajneeshverma/Desktop/dev/python/ai-ml/ai-voice-agent/env/lib/python3.14/site-packages/urllib3/connectionpool.py", line 841, in urlopen
    retries = retries.increment(
              │       └ <function Retry.increment at 0x1054ad220>
              └ Retry(total=0, connect=None, read=False, redirect=None, status=None)
  File "/Users/rajneeshverma/Desktop/dev/python/ai-ml/ai-voice-agent/env/lib/python3.14/site-packages/urllib3/util/retry.py", line 519, in increment
    raise MaxRetryError(_pool, url, reason) from reason  # type: ignore[arg-type]
          │             │      │    │            └ NameResolutionError("HTTPSConnection(host='oauth2.googleapis.com', port=443): Failed to resolve 'oauth2.googleapis.com' ([Err...
          │             │      │    └ NameResolutionError("HTTPSConnection(host='oauth2.googleapis.com', port=443): Failed to resolve 'oauth2.googleapis.com' ([Err...
          │             │      └ '/token'
          │             └ <urllib3.connectionpool.HTTPSConnectionPool object at 0x106631a90>
          └ <class 'urllib3.exceptions.MaxRetryError'>

urllib3.exceptions.MaxRetryError: HTTPSConnectionPool(host='oauth2.googleapis.com', port=443): Max retries exceeded with url: /token (Caused by NameResolutionError("HTTPSConnection(host='oauth2.googleapis.com', port=443): Failed to resolve 'oauth2.googleapis.com' ([Errno 8] nodename nor servname provided, or not known)"))


During handling of the above exception, another exception occurred:


Traceback (most recent call last):

  File "/Users/rajneeshverma/Desktop/dev/python/ai-ml/ai-voice-agent/env/lib/python3.14/site-packages/google/auth/transport/requests.py", line 187, in __call__
    response = self.session.request(
               │    │       └ <function Session.request at 0x1058b50c0>
               │    └ <requests.sessions.Session object at 0x106630ad0>
               └ <google.auth.transport.requests.Request object at 0x106630980>
  File "/Users/rajneeshverma/Desktop/dev/python/ai-ml/ai-voice-agent/env/lib/python3.14/site-packages/requests/sessions.py", line 589, in request
    resp = self.send(prep, **send_kwargs)
           │    │    │       └ {'timeout': 120, 'allow_redirects': True, 'proxies': OrderedDict(), 'stream': False, 'verify': True, 'cert': None}
           │    │    └ <PreparedRequest [POST]>
           │    └ <function Session.send at 0x1058b5640>
           └ <requests.sessions.Session object at 0x106630ad0>
  File "/Users/rajneeshverma/Desktop/dev/python/ai-ml/ai-voice-agent/env/lib/python3.14/site-packages/requests/sessions.py", line 703, in send
    r = adapter.send(request, **kwargs)
        │       │    │          └ {'timeout': 120, 'proxies': OrderedDict(), 'stream': False, 'verify': True, 'cert': None}
        │       │    └ <PreparedRequest [POST]>
        │       └ <function HTTPAdapter.send at 0x1058b49e0>
        └ <requests.adapters.HTTPAdapter object at 0x1066312b0>
  File "/Users/rajneeshverma/Desktop/dev/python/ai-ml/ai-voice-agent/env/lib/python3.14/site-packages/requests/adapters.py", line 677, in send
    raise ConnectionError(e, request=request)
          │                          └ <PreparedRequest [POST]>
          └ <class 'requests.exceptions.ConnectionError'>

requests.exceptions.ConnectionError: HTTPSConnectionPool(host='oauth2.googleapis.com', port=443): Max retries exceeded with url: /token (Caused by NameResolutionError("HTTPSConnection(host='oauth2.googleapis.com', port=443): Failed to resolve 'oauth2.googleapis.com' ([Errno 8] nodename nor servname provided, or not known)"))


The above exception was the direct cause of the following exception:


Traceback (most recent call last):

  File "/Users/rajneeshverma/Desktop/dev/python/ai-ml/ai-voice-agent/main.py", line 2, in <module>
    from src.api.routes import calendar_router

  File "<frozen importlib._bootstrap>", line 1371, in _find_and_load
  File "<frozen importlib._bootstrap>", line 1342, in _find_and_load_unlocked
  File "<frozen importlib._bootstrap>", line 938, in _load_unlocked
  File "<frozen importlib._bootstrap_external>", line 762, in exec_module
  File "<frozen importlib._bootstrap>", line 491, in _call_with_frames_removed

  File "/Users/rajneeshverma/Desktop/dev/python/ai-ml/ai-voice-agent/src/api/routes/__init__.py", line 1, in <module>
    from .calendar_routes import calendar_router

  File "<frozen importlib._bootstrap>", line 1371, in _find_and_load
  File "<frozen importlib._bootstrap>", line 1342, in _find_and_load_unlocked
  File "<frozen importlib._bootstrap>", line 938, in _load_unlocked
  File "<frozen importlib._bootstrap_external>", line 762, in exec_module
  File "<frozen importlib._bootstrap>", line 491, in _call_with_frames_removed

  File "/Users/rajneeshverma/Desktop/dev/python/ai-ml/ai-voice-agent/src/api/routes/calendar_routes.py", line 6, in <module>
    calendar_handler = CalendarHandler()
                       └ <class 'src.api.handlers.calendar_handler.CalendarHandler'>

  File "/Users/rajneeshverma/Desktop/dev/python/ai-ml/ai-voice-agent/src/api/handlers/calendar_handler.py", line 8, in __init__
    self.calendar_service = CalendarService()
    │                       └ <class 'src.services.calendar_service.CalendarService'>
    └ <src.api.handlers.calendar_handler.CalendarHandler object at 0x106553cb0>

  File "/Users/rajneeshverma/Desktop/dev/python/ai-ml/ai-voice-agent/src/services/calendar_service.py", line 10, in __init__
    self.google_calendar_client = GoogleCalendarClient()
    │                             └ <class 'src.clients.google.calendar_client.GoogleCalendarClient'>
    └ <src.services.calendar_service.CalendarService object at 0x106553e00>

  File "/Users/rajneeshverma/Desktop/dev/python/ai-ml/ai-voice-agent/src/clients/google/calendar_client.py", line 27, in __init__
    authenticator = GoogleAuthenticator(
                    └ <class 'src.clients.google.auth.GoogleAuthenticator'>

  File "/Users/rajneeshverma/Desktop/dev/python/ai-ml/ai-voice-agent/src/clients/google/auth.py", line 25, in __init__
    self.credentials = self._authenticate()
    │                  │    └ <function GoogleAuthenticator._authenticate at 0x10651e350>
    │                  └ <src.clients.google.auth.GoogleAuthenticator object at 0x1066301a0>
    └ <src.clients.google.auth.GoogleAuthenticator object at 0x1066301a0>

> File "/Users/rajneeshverma/Desktop/dev/python/ai-ml/ai-voice-agent/src/clients/google/auth.py", line 50, in _authenticate
    creds.refresh(Request())
    │     │       └ <class 'google.auth.transport.requests.Request'>
    │     └ <function Credentials.refresh at 0x105e49bc0>
    └ <google.oauth2.credentials.Credentials object at 0x106630590>

  File "/Users/rajneeshverma/Desktop/dev/python/ai-ml/ai-voice-agent/env/lib/python3.14/site-packages/google/oauth2/credentials.py", line 409, in refresh
    ) = reauth.refresh_grant(
        │      └ <function refresh_grant at 0x105e48b40>
        └ <module 'google.oauth2.reauth' from '/Users/rajneeshverma/Desktop/dev/python/ai-ml/ai-voice-agent/env/lib/python3.14/site-pac...
  File "/Users/rajneeshverma/Desktop/dev/python/ai-ml/ai-voice-agent/env/lib/python3.14/site-packages/google/oauth2/reauth.py", line 333, in refresh_grant
    response_status_ok, response_data, retryable_error = _client._token_endpoint_request_no_throw(
                                                         │       └ <function _token_endpoint_request_no_throw at 0x105df47d0>
                                                         └ <module 'google.oauth2._client' from '/Users/rajneeshverma/Desktop/dev/python/ai-ml/ai-voice-agent/env/lib/python3.14/site-pa...
  File "/Users/rajneeshverma/Desktop/dev/python/ai-ml/ai-voice-agent/env/lib/python3.14/site-packages/google/oauth2/_client.py", line 192, in _token_endpoint_request_no_throw
    response = request(
               └ <google.auth.transport.requests.Request object at 0x106630980>
  File "/Users/rajneeshverma/Desktop/dev/python/ai-ml/ai-voice-agent/env/lib/python3.14/site-packages/google/auth/transport/requests.py", line 194, in __call__
    raise new_exc from caught_exc
          └ TransportError(ConnectionError(MaxRetryError('HTTPSConnectionPool(host=\'oauth2.googleapis.com\', port=443): Max retries exce...

google.auth.exceptions.TransportError: HTTPSConnectionPool(host='oauth2.googleapis.com', port=443): Max retries exceeded with url: /token (Caused by NameResolutionError("HTTPSConnection(host='oauth2.googleapis.com', port=443): Failed to resolve 'oauth2.googleapis.com' ([Errno 8] nodename nor servname provided, or not known)"))
2025-12-15 00:43:33 | ERROR    | src.clients.google.auth:_authenticate:66 - Failed to authenticate with Google Calendar
{}
Traceback (most recent call last):

  File "/Users/rajneeshverma/Desktop/dev/python/ai-ml/ai-voice-agent/env/lib/python3.14/site-packages/urllib3/connection.py", line 204, in _new_conn
    sock = connection.create_connection(
           │          └ <function create_connection at 0x10378dd20>
           └ <module 'urllib3.util.connection' from '/Users/rajneeshverma/Desktop/dev/python/ai-ml/ai-voice-agent/env/lib/python3.14/site-...
  File "/Users/rajneeshverma/Desktop/dev/python/ai-ml/ai-voice-agent/env/lib/python3.14/site-packages/urllib3/util/connection.py", line 60, in create_connection
    for res in socket.getaddrinfo(host, port, family, socket.SOCK_STREAM):
               │      │           │     │     │       │      └ <SocketKind.SOCK_STREAM: 1>
               │      │           │     │     │       └ <module 'socket' from '/opt/homebrew/Cellar/python@3.14/3.14.0_1/Frameworks/Python.framework/Versions/3.14/lib/python3.14/soc...
               │      │           │     │     └ <AddressFamily.AF_UNSPEC: 0>
               │      │           │     └ 443
               │      │           └ 'oauth2.googleapis.com'
               │      └ <function getaddrinfo at 0x10161bab0>
               └ <module 'socket' from '/opt/homebrew/Cellar/python@3.14/3.14.0_1/Frameworks/Python.framework/Versions/3.14/lib/python3.14/soc...

  File "/opt/homebrew/Cellar/python@3.14/3.14.0_1/Frameworks/Python.framework/Versions/3.14/lib/python3.14/socket.py", line 983, in getaddrinfo
    for res in _socket.getaddrinfo(host, port, family, type, proto, flags):
               │       │           │     │     │       │     │      └ 0
               │       │           │     │     │       │     └ 0
               │       │           │     │     │       └ <SocketKind.SOCK_STREAM: 1>
               │       │           │     │     └ <AddressFamily.AF_UNSPEC: 0>
               │       │           │     └ 443
               │       │           └ 'oauth2.googleapis.com'
               │       └ <built-in function getaddrinfo>
               └ <module '_socket' from '/opt/homebrew/Cellar/python@3.14/3.14.0_1/Frameworks/Python.framework/Versions/3.14/lib/python3.14/li...

socket.gaierror: [Errno 8] nodename nor servname provided, or not known


The above exception was the direct cause of the following exception:


Traceback (most recent call last):

  File "/Users/rajneeshverma/Desktop/dev/python/ai-ml/ai-voice-agent/env/lib/python3.14/site-packages/urllib3/connectionpool.py", line 787, in urlopen
    response = self._make_request(
               │    └ <function HTTPConnectionPool._make_request at 0x1038578a0>
               └ <urllib3.connectionpool.HTTPSConnectionPool object at 0x104931a90>
  File "/Users/rajneeshverma/Desktop/dev/python/ai-ml/ai-voice-agent/env/lib/python3.14/site-packages/urllib3/connectionpool.py", line 488, in _make_request
    raise new_e
          └ NameResolutionError("HTTPSConnection(host='oauth2.googleapis.com', port=443): Failed to resolve 'oauth2.googleapis.com' ([Err...
  File "/Users/rajneeshverma/Desktop/dev/python/ai-ml/ai-voice-agent/env/lib/python3.14/site-packages/urllib3/connectionpool.py", line 464, in _make_request
    self._validate_conn(conn)
    │    │              └ <HTTPSConnection(host='oauth2.googleapis.com', port=443) at 0x104931e80>
    │    └ <function HTTPSConnectionPool._validate_conn at 0x103860300>
    └ <urllib3.connectionpool.HTTPSConnectionPool object at 0x104931a90>
  File "/Users/rajneeshverma/Desktop/dev/python/ai-ml/ai-voice-agent/env/lib/python3.14/site-packages/urllib3/connectionpool.py", line 1093, in _validate_conn
    conn.connect()
    │    └ <function HTTPSConnection.connect at 0x10384e8d0>
    └ <HTTPSConnection(host='oauth2.googleapis.com', port=443) at 0x104931e80>
  File "/Users/rajneeshverma/Desktop/dev/python/ai-ml/ai-voice-agent/env/lib/python3.14/site-packages/urllib3/connection.py", line 759, in connect
    self.sock = sock = self._new_conn()
    │    │             │    └ <function HTTPConnection._new_conn at 0x10384d2d0>
    │    │             └ <HTTPSConnection(host='oauth2.googleapis.com', port=443) at 0x104931e80>
    │    └ None
    └ <HTTPSConnection(host='oauth2.googleapis.com', port=443) at 0x104931e80>
  File "/Users/rajneeshverma/Desktop/dev/python/ai-ml/ai-voice-agent/env/lib/python3.14/site-packages/urllib3/connection.py", line 211, in _new_conn
    raise NameResolutionError(self.host, self, e) from e
          │                   │    │     └ <HTTPSConnection(host='oauth2.googleapis.com', port=443) at 0x104931e80>
          │                   │    └ <property object at 0x103848590>
          │                   └ <HTTPSConnection(host='oauth2.googleapis.com', port=443) at 0x104931e80>
          └ <class 'urllib3.exceptions.NameResolutionError'>

urllib3.exceptions.NameResolutionError: HTTPSConnection(host='oauth2.googleapis.com', port=443): Failed to resolve 'oauth2.googleapis.com' ([Errno 8] nodename nor servname provided, or not known)


The above exception was the direct cause of the following exception:


Traceback (most recent call last):

  File "/Users/rajneeshverma/Desktop/dev/python/ai-ml/ai-voice-agent/env/lib/python3.14/site-packages/requests/adapters.py", line 644, in send
    resp = conn.urlopen(
           │    └ <function HTTPConnectionPool.urlopen at 0x103857cc0>
           └ <urllib3.connectionpool.HTTPSConnectionPool object at 0x104931a90>
  File "/Users/rajneeshverma/Desktop/dev/python/ai-ml/ai-voice-agent/env/lib/python3.14/site-packages/urllib3/connectionpool.py", line 841, in urlopen
    retries = retries.increment(
              │       └ <function Retry.increment at 0x1037ad220>
              └ Retry(total=0, connect=None, read=False, redirect=None, status=None)
  File "/Users/rajneeshverma/Desktop/dev/python/ai-ml/ai-voice-agent/env/lib/python3.14/site-packages/urllib3/util/retry.py", line 519, in increment
    raise MaxRetryError(_pool, url, reason) from reason  # type: ignore[arg-type]
          │             │      │    │            └ NameResolutionError("HTTPSConnection(host='oauth2.googleapis.com', port=443): Failed to resolve 'oauth2.googleapis.com' ([Err...
          │             │      │    └ NameResolutionError("HTTPSConnection(host='oauth2.googleapis.com', port=443): Failed to resolve 'oauth2.googleapis.com' ([Err...
          │             │      └ '/token'
          │             └ <urllib3.connectionpool.HTTPSConnectionPool object at 0x104931a90>
          └ <class 'urllib3.exceptions.MaxRetryError'>

urllib3.exceptions.MaxRetryError: HTTPSConnectionPool(host='oauth2.googleapis.com', port=443): Max retries exceeded with url: /token (Caused by NameResolutionError("HTTPSConnection(host='oauth2.googleapis.com', port=443): Failed to resolve 'oauth2.googleapis.com' ([Errno 8] nodename nor servname provided, or not known)"))


During handling of the above exception, another exception occurred:


Traceback (most recent call last):

  File "/Users/rajneeshverma/Desktop/dev/python/ai-ml/ai-voice-agent/env/lib/python3.14/site-packages/google/auth/transport/requests.py", line 187, in __call__
    response = self.session.request(
               │    │       └ <function Session.request at 0x103c790c0>
               │    └ <requests.sessions.Session object at 0x104930ad0>
               └ <google.auth.transport.requests.Request object at 0x104930980>
  File "/Users/rajneeshverma/Desktop/dev/python/ai-ml/ai-voice-agent/env/lib/python3.14/site-packages/requests/sessions.py", line 589, in request
    resp = self.send(prep, **send_kwargs)
           │    │    │       └ {'timeout': 120, 'allow_redirects': True, 'proxies': OrderedDict(), 'stream': False, 'verify': True, 'cert': None}
           │    │    └ <PreparedRequest [POST]>
           │    └ <function Session.send at 0x103c79640>
           └ <requests.sessions.Session object at 0x104930ad0>
  File "/Users/rajneeshverma/Desktop/dev/python/ai-ml/ai-voice-agent/env/lib/python3.14/site-packages/requests/sessions.py", line 703, in send
    r = adapter.send(request, **kwargs)
        │       │    │          └ {'timeout': 120, 'proxies': OrderedDict(), 'stream': False, 'verify': True, 'cert': None}
        │       │    └ <PreparedRequest [POST]>
        │       └ <function HTTPAdapter.send at 0x103c789e0>
        └ <requests.adapters.HTTPAdapter object at 0x1049312b0>
  File "/Users/rajneeshverma/Desktop/dev/python/ai-ml/ai-voice-agent/env/lib/python3.14/site-packages/requests/adapters.py", line 677, in send
    raise ConnectionError(e, request=request)
          │                          └ <PreparedRequest [POST]>
          └ <class 'requests.exceptions.ConnectionError'>

requests.exceptions.ConnectionError: HTTPSConnectionPool(host='oauth2.googleapis.com', port=443): Max retries exceeded with url: /token (Caused by NameResolutionError("HTTPSConnection(host='oauth2.googleapis.com', port=443): Failed to resolve 'oauth2.googleapis.com' ([Errno 8] nodename nor servname provided, or not known)"))


The above exception was the direct cause of the following exception:


Traceback (most recent call last):

  File "/Users/rajneeshverma/Desktop/dev/python/ai-ml/ai-voice-agent/main.py", line 2, in <module>
    from src.api.routes import calendar_router

  File "<frozen importlib._bootstrap>", line 1371, in _find_and_load
  File "<frozen importlib._bootstrap>", line 1342, in _find_and_load_unlocked
  File "<frozen importlib._bootstrap>", line 938, in _load_unlocked
  File "<frozen importlib._bootstrap_external>", line 762, in exec_module
  File "<frozen importlib._bootstrap>", line 491, in _call_with_frames_removed

  File "/Users/rajneeshverma/Desktop/dev/python/ai-ml/ai-voice-agent/src/api/routes/__init__.py", line 1, in <module>
    from .calendar_routes import calendar_router

  File "<frozen importlib._bootstrap>", line 1371, in _find_and_load
  File "<frozen importlib._bootstrap>", line 1342, in _find_and_load_unlocked
  File "<frozen importlib._bootstrap>", line 938, in _load_unlocked
  File "<frozen importlib._bootstrap_external>", line 762, in exec_module
  File "<frozen importlib._bootstrap>", line 491, in _call_with_frames_removed

  File "/Users/rajneeshverma/Desktop/dev/python/ai-ml/ai-voice-agent/src/api/routes/calendar_routes.py", line 6, in <module>
    calendar_handler = CalendarHandler()
                       └ <class 'src.api.handlers.calendar_handler.CalendarHandler'>

  File "/Users/rajneeshverma/Desktop/dev/python/ai-ml/ai-voice-agent/src/api/handlers/calendar_handler.py", line 8, in __init__
    self.calendar_service = CalendarService()
    │                       └ <class 'src.services.calendar_service.CalendarService'>
    └ <src.api.handlers.calendar_handler.CalendarHandler object at 0x10474fcb0>

  File "/Users/rajneeshverma/Desktop/dev/python/ai-ml/ai-voice-agent/src/services/calendar_service.py", line 10, in __init__
    self.google_calendar_client = GoogleCalendarClient()
    │                             └ <class 'src.clients.google.calendar_client.GoogleCalendarClient'>
    └ <src.services.calendar_service.CalendarService object at 0x10474fe00>

  File "/Users/rajneeshverma/Desktop/dev/python/ai-ml/ai-voice-agent/src/clients/google/calendar_client.py", line 27, in __init__
    authenticator = GoogleAuthenticator(
                    └ <class 'src.clients.google.auth.GoogleAuthenticator'>

  File "/Users/rajneeshverma/Desktop/dev/python/ai-ml/ai-voice-agent/src/clients/google/auth.py", line 25, in __init__
    self.credentials = self._authenticate()
    │                  │    └ <function GoogleAuthenticator._authenticate at 0x10471e350>
    │                  └ <src.clients.google.auth.GoogleAuthenticator object at 0x1049301a0>
    └ <src.clients.google.auth.GoogleAuthenticator object at 0x1049301a0>

> File "/Users/rajneeshverma/Desktop/dev/python/ai-ml/ai-voice-agent/src/clients/google/auth.py", line 50, in _authenticate
    creds.refresh(Request())
    │     │       └ <class 'google.auth.transport.requests.Request'>
    │     └ <function Credentials.refresh at 0x1040d1bc0>
    └ <google.oauth2.credentials.Credentials object at 0x104930590>

  File "/Users/rajneeshverma/Desktop/dev/python/ai-ml/ai-voice-agent/env/lib/python3.14/site-packages/google/oauth2/credentials.py", line 409, in refresh
    ) = reauth.refresh_grant(
        │      └ <function refresh_grant at 0x1040d0b40>
        └ <module 'google.oauth2.reauth' from '/Users/rajneeshverma/Desktop/dev/python/ai-ml/ai-voice-agent/env/lib/python3.14/site-pac...
  File "/Users/rajneeshverma/Desktop/dev/python/ai-ml/ai-voice-agent/env/lib/python3.14/site-packages/google/oauth2/reauth.py", line 333, in refresh_grant
    response_status_ok, response_data, retryable_error = _client._token_endpoint_request_no_throw(
                                                         │       └ <function _token_endpoint_request_no_throw at 0x10407c7d0>
                                                         └ <module 'google.oauth2._client' from '/Users/rajneeshverma/Desktop/dev/python/ai-ml/ai-voice-agent/env/lib/python3.14/site-pa...
  File "/Users/rajneeshverma/Desktop/dev/python/ai-ml/ai-voice-agent/env/lib/python3.14/site-packages/google/oauth2/_client.py", line 192, in _token_endpoint_request_no_throw
    response = request(
               └ <google.auth.transport.requests.Request object at 0x104930980>
  File "/Users/rajneeshverma/Desktop/dev/python/ai-ml/ai-voice-agent/env/lib/python3.14/site-packages/google/auth/transport/requests.py", line 194, in __call__
    raise new_exc from caught_exc
          └ TransportError(ConnectionError(MaxRetryError('HTTPSConnectionPool(host=\'oauth2.googleapis.com\', port=443): Max retries exce...

google.auth.exceptions.TransportError: HTTPSConnectionPool(host='oauth2.googleapis.com', port=443): Max retries exceeded with url: /token (Caused by NameResolutionError("HTTPSConnection(host='oauth2.googleapis.com', port=443): Failed to resolve 'oauth2.googleapis.com' ([Errno 8] nodename nor servname provided, or not known)"))
